<?xml version="1.0" encoding="UTF-8"?>
<coverage generated="1696575971743" clover="3.2.0">
  <project timestamp="1696575971743" name="All files">
    <metrics statements="12" coveredstatements="12" conditionals="10" coveredconditionals="10" methods="1" coveredmethods="1" elements="23" coveredelements="23" complexity="0" loc="12" ncloc="12" packages="1" files="1" classes="1"/>
    <file name="bmi.js" path="E:\KiemThu\BaiTapHangTuan\bmi.js">
      <metrics statements="12" coveredstatements="12" conditionals="10" coveredconditionals="10" methods="1" coveredmethods="1"/>
      <line num="1" count="1" type="stmt"/>
      <line num="2" count="19" type="cond" truecount="6" falsecount="0"/>
      <line num="3" count="11" type="stmt"/>
      <line num="5" count="8" type="stmt"/>
      <line num="6" count="8" type="stmt"/>
      <line num="7" count="8" type="cond" truecount="2" falsecount="0"/>
      <line num="8" count="2" type="stmt"/>
      <line num="10" count="6" type="cond" truecount="2" falsecount="0"/>
      <line num="11" count="3" type="stmt"/>
      <line num="13" count="3" type="stmt"/>
      <line num="15" count="1" type="stmt"/>
      <line num="16" count="1" type="stmt"/>
    </file>
  </project>
</coverage>
