{"E:\\KiemThu\\WEEK2\\bmi.js": {"path":"E:\\KiemThu\\WEEK2\\bmi.js","statementMap":{"0":{"start":{"line":1,"column":21},"end":{"line":23,"column":1}},"1":{"start":{"line":4,"column":4},"end":{"line":6,"column":5}},"2":{"start":{"line":5,"column":8},"end":{"line":5,"column":37}},"3":{"start":{"line":9,"column":14},"end":{"line":9,"column":40}},"4":{"start":{"line":13,"column":4},"end":{"line":13,"column":25}},"5":{"start":{"line":15,"column":4},"end":{"line":21,"column":21}},"6":{"start":{"line":16,"column":8},"end":{"line":16,"column":27}},"7":{"start":{"line":18,"column":9},"end":{"line":21,"column":21}},"8":{"start":{"line":19,"column":8},"end":{"line":19,"column":22}},"9":{"start":{"line":21,"column":9},"end":{"line":21,"column":21}},"10":{"start":{"line":24,"column":0},"end":{"line":24,"column":34}},"11":{"start":{"line":25,"column":0},"end":{"line":25,"column":29}}},"fnMap":{"0":{"name":"(anonymous_0)","decl":{"start":{"line":1,"column":21},"end":{"line":1,"column":22}},"loc":{"start":{"line":1,"column":41},"end":{"line":23,"column":1}},"line":1}},"branchMap":{"0":{"loc":{"start":{"line":4,"column":4},"end":{"line":6,"column":5}},"type":"if","locations":[{"start":{"line":4,"column":4},"end":{"line":6,"column":5}},{"start":{},"end":{}}],"line":4},"1":{"loc":{"start":{"line":4,"column":8},"end":{"line":4,"column":66}},"type":"binary-expr","locations":[{"start":{"line":4,"column":8},"end":{"line":4,"column":19}},{"start":{"line":4,"column":23},"end":{"line":4,"column":35}},{"start":{"line":4,"column":39},"end":{"line":4,"column":50}},{"start":{"line":4,"column":54},"end":{"line":4,"column":66}}],"line":4},"2":{"loc":{"start":{"line":15,"column":4},"end":{"line":21,"column":21}},"type":"if","locations":[{"start":{"line":15,"column":4},"end":{"line":21,"column":21}},{"start":{"line":18,"column":9},"end":{"line":21,"column":21}}],"line":15},"3":{"loc":{"start":{"line":18,"column":9},"end":{"line":21,"column":21}},"type":"if","locations":[{"start":{"line":18,"column":9},"end":{"line":21,"column":21}},{"start":{"line":21,"column":9},"end":{"line":21,"column":21}}],"line":18}},"s":{"0":1,"1":19,"2":11,"3":8,"4":8,"5":8,"6":2,"7":6,"8":3,"9":3,"10":1,"11":1},"f":{"0":19},"b":{"0":[11,8],"1":[19,14,12,9],"2":[2,6],"3":[3,3]},"_coverageSchema":"1a1c01bbd47fc00a2c39e90264f33305004495a9","hash":"905d7e91c06d86aec0bb5d630999890cbfccbb76"}
}
